<?xml version="1.0" encoding="UTF-8"?>
<!--
  ~ Copyright (c) 2021 Oracle and/or its affiliates.
  ~
  ~ Licensed under the Universal Permissive License v 1.0 as shown at
  ~ http://oss.oracle.com/licenses/upl.
  -->

<cache-config xmlns:xsi="http://www.w3.org/2001/XMLSchema-instance"
              xmlns="http://xmlns.oracle.com/coherence/coherence-cache-config"
              xsi:schemaLocation="http://xmlns.oracle.com/coherence/coherence-cache-config coherence-cache-config.xsd">

    <!-- tag::config[] -->
    <caching-scheme-mapping>
        <cache-mapping>
            <cache-name>test1-*</cache-name>
            <scheme-name>server1</scheme-name>
        </cache-mapping>
        <cache-mapping>
            <cache-name>test2-*</cache-name>
            <scheme-name>server2</scheme-name>
        </cache-mapping>
    </caching-scheme-mapping>

    <caching-schemes>
        <distributed-scheme>
            <scheme-name>server1</scheme-name>
            <service-name>PartitionedCache1</service-name>
            <backing-map-scheme>
                <local-scheme>
                    <high-units>{back-limit-bytes 0B}</high-units>
                </local-scheme>
            </backing-map-scheme>
            <autostart>true</autostart>
        </distributed-scheme>

        <distributed-scheme>
            <scheme-name>server2</scheme-name>
            <service-name>PartitionedCache2</service-name>
            <backing-map-scheme>
                <local-scheme>
                    <high-units>{back-limit-bytes 0B}</high-units>
                </local-scheme>
            </backing-map-scheme>
            <autostart>true</autostart>
        </distributed-scheme>

        <!-- proxy scheme that allows extend clients to connect to the cluster over TCP/IP -->
        <proxy-scheme>
            <service-name>Proxy</service-name>
            <autostart>true</autostart>
        </proxy-scheme>
    </caching-schemes>
</cache-config>